\BOOKMARK [1][-]{section.1}{\376\377\000E\000i\000n\000l\000e\000i\000t\000u\000n\000g}{}% 1
\BOOKMARK [1][-]{section.2}{\376\377\000G\000r\000u\000n\000d\000l\000a\000g\000e\000n}{}% 2
\BOOKMARK [2][-]{subsection.2.1}{\376\377\000E\000n\000t\000s\000c\000h\000e\000i\000d\000u\000n\000g\000s\000b\000a\000u\000m}{section.2}% 3
\BOOKMARK [2][-]{subsection.2.2}{\376\377\000R\000a\000n\000d\000o\000m\000\040\000F\000o\000r\000e\000s\000t}{section.2}% 4
\BOOKMARK [2][-]{subsection.2.3}{\376\377\000P\000r\000o\000l\000o\000g}{section.2}% 5
\BOOKMARK [1][-]{section.3}{\376\377\000I\000m\000p\000l\000e\000m\000e\000n\000t\000i\000e\000r\000u\000n\000g}{}% 6
\BOOKMARK [2][-]{subsection.3.1}{\376\377\000E\000n\000t\000s\000c\000h\000e\000i\000d\000u\000n\000g\000s\000b\000\344\000u\000m\000e}{section.3}% 7
\BOOKMARK [2][-]{subsection.3.2}{\376\377\000R\000a\000n\000d\000o\000m\000\040\000F\000o\000r\000e\000s\000t}{section.3}% 8
\BOOKMARK [2][-]{subsection.3.3}{\376\377\000V\000o\000r\000h\000e\000r\000s\000a\000g\000e\000n}{section.3}% 9
\BOOKMARK [1][-]{section.4}{\376\377\000E\000x\000p\000e\000r\000i\000m\000e\000n\000t}{}% 10
\BOOKMARK [2][-]{subsection.4.1}{\376\377\000V\000o\000r\000b\000e\000r\000e\000i\000t\000u\000n\000g}{section.4}% 11
\BOOKMARK [3][-]{subsubsection.4.1.1}{\376\377\000D\000a\000t\000e\000n\000b\000e\000s\000c\000h\000a\000f\000f\000u\000n\000g}{subsection.4.1}% 12
\BOOKMARK [3][-]{subsubsection.4.1.2}{\376\377\000Z\000e\000i\000t\000m\000e\000s\000s\000u\000n\000g}{subsection.4.1}% 13
\BOOKMARK [3][-]{subsubsection.4.1.3}{\376\377\000M\000e\000t\000r\000i\000k\000e\000n}{subsection.4.1}% 14
\BOOKMARK [2][-]{subsection.4.2}{\376\377\000P\000e\000r\000f\000o\000r\000m\000a\000n\000c\000e}{section.4}% 15
\BOOKMARK [3][-]{subsubsection.4.2.1}{\376\377\000I\000r\000i\000s}{subsection.4.2}% 16
\BOOKMARK [3][-]{subsubsection.4.2.2}{\376\377\000D\000i\000g\000i\000t\000s}{subsection.4.2}% 17
\BOOKMARK [3][-]{subsubsection.4.2.3}{\376\377\000D\000i\000a\000b\000e\000t\000e\000s}{subsection.4.2}% 18
\BOOKMARK [3][-]{subsubsection.4.2.4}{\376\377\000C\000a\000l\000i\000f\000o\000r\000n\000i\000a\000\040\000H\000o\000u\000s\000i\000n\000g}{subsection.4.2}% 19
\BOOKMARK [1][-]{section.5}{\376\377\000Z\000u\000s\000a\000m\000m\000e\000n\000f\000a\000s\000s\000u\000n\000g}{}% 20
\BOOKMARK [1][-]{section*.1}{\376\377\000A\000n\000h\000a\000n\000g\000\040\000A\000\040\000A\000l\000l\000e\000\040\000E\000r\000g\000e\000b\000n\000i\000s\000s\000e}{}% 21
\BOOKMARK [1][-]{section*.2}{\376\377\000A\000b\000b\000i\000l\000d\000u\000n\000g\000s\000v\000e\000r\000z\000e\000i\000c\000h\000n\000i\000s}{}% 22
\BOOKMARK [1][-]{section*.3}{\376\377\000T\000a\000b\000e\000l\000l\000e\000n\000v\000e\000r\000z\000e\000i\000c\000h\000n\000i\000s}{}% 23
\BOOKMARK [1][-]{section*.3}{\376\377\000A\000l\000g\000o\000r\000i\000t\000h\000m\000e\000n\000v\000e\000r\000z\000e\000i\000c\000h\000n\000i\000s}{}% 24
\BOOKMARK [1][-]{section*.4}{\376\377\000Q\000u\000e\000l\000l\000c\000o\000d\000e\000v\000e\000r\000z\000e\000i\000c\000h\000n\000i\000s}{}% 25
\BOOKMARK [1][-]{section*.5}{\376\377\000L\000i\000t\000e\000r\000a\000t\000u\000r}{}% 26
